c:\users\yixiao yang\documents\4491 assignment\inversekinematics\anim\debug\vc141.pdb
c:\users\yixiao yang\documents\4491 assignment\inversekinematics\anim\debug\vc141.idb
c:\users\yixiao yang\documents\4491 assignment\inversekinematics\anim\debug\anim.obj
c:\users\yixiao yang\documents\4491 assignment\inversekinematics\anim\debug\animtcl.obj
c:\users\yixiao yang\documents\4491 assignment\inversekinematics\anim\debug\baseobject.obj
c:\users\yixiao yang\documents\4491 assignment\inversekinematics\anim\debug\basesimulator.obj
c:\users\yixiao yang\documents\4491 assignment\inversekinematics\anim\debug\globalresourcemanager.obj
c:\users\yixiao yang\documents\4491 assignment\inversekinematics\anim\debug\resourcemanager.obj
c:\users\yixiao yang\documents\4491 assignment\inversekinematics\anim\debug\samplegravitysimulator.obj
c:\users\yixiao yang\documents\4491 assignment\inversekinematics\anim\debug\sampleparticle.obj
c:\users\yixiao yang\documents\4491 assignment\inversekinematics\anim\debug\basesystem.obj
c:\users\yixiao yang\documents\4491 assignment\inversekinematics\anim\debug\skeletonsimulator.obj
c:\users\yixiao yang\documents\4491 assignment\inversekinematics\anim\debug\skeletonsystem.obj
c:\users\yixiao yang\documents\4491 assignment\inversekinematics\anim\debug\myscene.obj
c:\users\yixiao yang\documents\4491 assignment\inversekinematics\anim\debug\joint.obj
c:\users\yixiao yang\documents\4491 assignment\inversekinematics\anim\debug\ludecompose.obj
c:\users\yixiao yang\documents\4491 assignment\inversekinematics\anim\debug\hermite.obj
c:\users\yixiao yang\documents\4491 assignment\inversekinematics\build\anim.ilk
c:\users\yixiao yang\documents\4491 assignment\inversekinematics\build\anim.exe
c:\users\yixiao yang\documents\4491 assignment\inversekinematics\build\animp.pdb
c:\users\yixiao yang\documents\4491 assignment\inversekinematics\anim\../build\anim.exe
c:\users\yixiao yang\documents\4491 assignment\inversekinematics\anim\debug\anim.tlog\cl.command.1.tlog
c:\users\yixiao yang\documents\4491 assignment\inversekinematics\anim\debug\anim.tlog\cl.read.1.tlog
c:\users\yixiao yang\documents\4491 assignment\inversekinematics\anim\debug\anim.tlog\cl.write.1.tlog
c:\users\yixiao yang\documents\4491 assignment\inversekinematics\anim\debug\anim.tlog\link.command.1.tlog
c:\users\yixiao yang\documents\4491 assignment\inversekinematics\anim\debug\anim.tlog\link.read.1.tlog
c:\users\yixiao yang\documents\4491 assignment\inversekinematics\anim\debug\anim.tlog\link.write.1.tlog
